{"total": {"lines":{"total":638,"covered":540,"skipped":0,"pct":84.63},"statements":{"total":638,"covered":540,"skipped":0,"pct":84.63},"functions":{"total":34,"covered":31,"skipped":0,"pct":91.17},"branches":{"total":155,"covered":110,"skipped":0,"pct":70.96},"branchesTrue":{"total":0,"covered":0,"skipped":0,"pct":100}}
,"/Users/conor/Sites/EndogenAI/apps/default/server/src/app.ts": {"lines":{"total":28,"covered":28,"skipped":0,"pct":100},"functions":{"total":3,"covered":3,"skipped":0,"pct":100},"statements":{"total":28,"covered":28,"skipped":0,"pct":100},"branches":{"total":9,"covered":8,"skipped":0,"pct":88.88}}
,"/Users/conor/Sites/EndogenAI/apps/default/server/src/index.ts": {"lines":{"total":9,"covered":0,"skipped":0,"pct":0},"functions":{"total":1,"covered":0,"skipped":0,"pct":0},"statements":{"total":9,"covered":0,"skipped":0,"pct":0},"branches":{"total":1,"covered":0,"skipped":0,"pct":0}}
,"/Users/conor/Sites/EndogenAI/apps/default/server/src/logger.ts": {"lines":{"total":19,"covered":0,"skipped":0,"pct":0},"functions":{"total":1,"covered":0,"skipped":0,"pct":0},"statements":{"total":19,"covered":0,"skipped":0,"pct":0},"branches":{"total":1,"covered":0,"skipped":0,"pct":0}}
,"/Users/conor/Sites/EndogenAI/apps/default/server/src/mcp-client.ts": {"lines":{"total":99,"covered":91,"skipped":0,"pct":91.91},"functions":{"total":9,"covered":9,"skipped":0,"pct":100},"statements":{"total":99,"covered":91,"skipped":0,"pct":91.91},"branches":{"total":24,"covered":19,"skipped":0,"pct":79.16}}
,"/Users/conor/Sites/EndogenAI/apps/default/server/src/telemetry.ts": {"lines":{"total":43,"covered":39,"skipped":0,"pct":90.69},"functions":{"total":2,"covered":2,"skipped":0,"pct":100},"statements":{"total":43,"covered":39,"skipped":0,"pct":90.69},"branches":{"total":10,"covered":8,"skipped":0,"pct":80}}
,"/Users/conor/Sites/EndogenAI/apps/default/server/src/auth/index.ts": {"lines":{"total":147,"covered":110,"skipped":0,"pct":74.82},"functions":{"total":0,"covered":0,"skipped":0,"pct":100},"statements":{"total":147,"covered":110,"skipped":0,"pct":74.82},"branches":{"total":33,"covered":15,"skipped":0,"pct":45.45}}
,"/Users/conor/Sites/EndogenAI/apps/default/server/src/auth/jwt.ts": {"lines":{"total":33,"covered":31,"skipped":0,"pct":93.93},"functions":{"total":5,"covered":5,"skipped":0,"pct":100},"statements":{"total":33,"covered":31,"skipped":0,"pct":93.93},"branches":{"total":9,"covered":6,"skipped":0,"pct":66.66}}
,"/Users/conor/Sites/EndogenAI/apps/default/server/src/auth/middleware.ts": {"lines":{"total":23,"covered":23,"skipped":0,"pct":100},"functions":{"total":0,"covered":0,"skipped":0,"pct":100},"statements":{"total":23,"covered":23,"skipped":0,"pct":100},"branches":{"total":11,"covered":10,"skipped":0,"pct":90.9}}
,"/Users/conor/Sites/EndogenAI/apps/default/server/src/auth/pkce.ts": {"lines":{"total":14,"covered":14,"skipped":0,"pct":100},"functions":{"total":4,"covered":4,"skipped":0,"pct":100},"statements":{"total":14,"covered":14,"skipped":0,"pct":100},"branches":{"total":5,"covered":4,"skipped":0,"pct":80}}
,"/Users/conor/Sites/EndogenAI/apps/default/server/src/auth/sessions.ts": {"lines":{"total":33,"covered":31,"skipped":0,"pct":93.93},"functions":{"total":7,"covered":6,"skipped":0,"pct":85.71},"statements":{"total":33,"covered":31,"skipped":0,"pct":93.93},"branches":{"total":10,"covered":10,"skipped":0,"pct":100}}
,"/Users/conor/Sites/EndogenAI/apps/default/server/src/middleware/metrics.ts": {"lines":{"total":33,"covered":33,"skipped":0,"pct":100},"functions":{"total":0,"covered":0,"skipped":0,"pct":100},"statements":{"total":33,"covered":33,"skipped":0,"pct":100},"branches":{"total":4,"covered":4,"skipped":0,"pct":100}}
,"/Users/conor/Sites/EndogenAI/apps/default/server/src/middleware/tracing.ts": {"lines":{"total":28,"covered":25,"skipped":0,"pct":89.28},"functions":{"total":0,"covered":0,"skipped":0,"pct":100},"statements":{"total":28,"covered":25,"skipped":0,"pct":89.28},"branches":{"total":6,"covered":5,"skipped":0,"pct":83.33}}
,"/Users/conor/Sites/EndogenAI/apps/default/server/src/routes/api.ts": {"lines":{"total":114,"covered":100,"skipped":0,"pct":87.71},"functions":{"total":2,"covered":2,"skipped":0,"pct":100},"statements":{"total":114,"covered":100,"skipped":0,"pct":87.71},"branches":{"total":30,"covered":19,"skipped":0,"pct":63.33}}
,"/Users/conor/Sites/EndogenAI/apps/default/server/src/routes/wellknown.ts": {"lines":{"total":15,"covered":15,"skipped":0,"pct":100},"functions":{"total":0,"covered":0,"skipped":0,"pct":100},"statements":{"total":15,"covered":15,"skipped":0,"pct":100},"branches":{"total":2,"covered":2,"skipped":0,"pct":100}}
}
