{"total": {"lines":{"total":156,"covered":135,"skipped":0,"pct":86.53},"statements":{"total":156,"covered":135,"skipped":0,"pct":86.53},"functions":{"total":5,"covered":4,"skipped":0,"pct":80},"branches":{"total":11,"covered":9,"skipped":0,"pct":81.81},"branchesTrue":{"total":0,"covered":0,"skipped":0,"pct":"Unknown"}}
,"/Users/conor/Sites/EndogenAI/infrastructure/adapters/src/bridge.ts": {"lines":{"total":146,"covered":135,"skipped":0,"pct":92.46},"functions":{"total":4,"covered":4,"skipped":0,"pct":100},"statements":{"total":146,"covered":135,"skipped":0,"pct":92.46},"branches":{"total":10,"covered":9,"skipped":0,"pct":90}}
,"/Users/conor/Sites/EndogenAI/infrastructure/adapters/src/index.ts": {"lines":{"total":10,"covered":0,"skipped":0,"pct":0},"functions":{"total":1,"covered":0,"skipped":0,"pct":0},"statements":{"total":10,"covered":0,"skipped":0,"pct":0},"branches":{"total":1,"covered":0,"skipped":0,"pct":0}}
}
