{"total": {"lines":{"total":706,"covered":639,"skipped":0,"pct":90.5},"statements":{"total":706,"covered":639,"skipped":0,"pct":90.5},"functions":{"total":27,"covered":20,"skipped":0,"pct":74.07},"branches":{"total":64,"covered":49,"skipped":0,"pct":76.56},"branchesTrue":{"total":0,"covered":0,"skipped":0,"pct":"Unknown"}}
,"/Users/conor/Sites/EndogenAI/infrastructure/a2a/src/handler.ts": {"lines":{"total":132,"covered":113,"skipped":0,"pct":85.6},"functions":{"total":4,"covered":4,"skipped":0,"pct":100},"statements":{"total":132,"covered":113,"skipped":0,"pct":85.6},"branches":{"total":23,"covered":16,"skipped":0,"pct":69.56}}
,"/Users/conor/Sites/EndogenAI/infrastructure/a2a/src/index.ts": {"lines":{"total":17,"covered":0,"skipped":0,"pct":0},"functions":{"total":1,"covered":0,"skipped":0,"pct":0},"statements":{"total":17,"covered":0,"skipped":0,"pct":0},"branches":{"total":1,"covered":0,"skipped":0,"pct":0}}
,"/Users/conor/Sites/EndogenAI/infrastructure/a2a/src/orchestrator.ts": {"lines":{"total":159,"covered":153,"skipped":0,"pct":96.22},"functions":{"total":15,"covered":12,"skipped":0,"pct":80},"statements":{"total":159,"covered":153,"skipped":0,"pct":96.22},"branches":{"total":15,"covered":14,"skipped":0,"pct":93.33}}
,"/Users/conor/Sites/EndogenAI/infrastructure/a2a/src/server.ts": {"lines":{"total":139,"covered":125,"skipped":0,"pct":89.92},"functions":{"total":3,"covered":3,"skipped":0,"pct":100},"statements":{"total":139,"covered":125,"skipped":0,"pct":89.92},"branches":{"total":23,"covered":18,"skipped":0,"pct":78.26}}
,"/Users/conor/Sites/EndogenAI/infrastructure/a2a/src/types.ts": {"lines":{"total":212,"covered":212,"skipped":0,"pct":100},"functions":{"total":0,"covered":0,"skipped":0,"pct":100},"statements":{"total":212,"covered":212,"skipped":0,"pct":100},"branches":{"total":0,"covered":0,"skipped":0,"pct":100}}
,"/Users/conor/Sites/EndogenAI/infrastructure/a2a/src/validate.ts": {"lines":{"total":47,"covered":36,"skipped":0,"pct":76.59},"functions":{"total":4,"covered":1,"skipped":0,"pct":25},"statements":{"total":47,"covered":36,"skipped":0,"pct":76.59},"branches":{"total":2,"covered":1,"skipped":0,"pct":50}}
}
