{"total": {"lines":{"total":681,"covered":553,"skipped":0,"pct":81.2},"statements":{"total":681,"covered":553,"skipped":0,"pct":81.2},"functions":{"total":21,"covered":17,"skipped":0,"pct":80.95},"branches":{"total":72,"covered":23,"skipped":0,"pct":31.94},"branchesTrue":{"total":0,"covered":0,"skipped":0,"pct":100}}
,"/Users/conor/Sites/EndogenAI/shared/vector-store/typescript/src/index.ts": {"lines":{"total":38,"covered":0,"skipped":0,"pct":0},"functions":{"total":1,"covered":0,"skipped":0,"pct":0},"statements":{"total":38,"covered":0,"skipped":0,"pct":0},"branches":{"total":1,"covered":0,"skipped":0,"pct":0}}
,"/Users/conor/Sites/EndogenAI/shared/vector-store/typescript/src/interface.ts": {"lines":{"total":75,"covered":61,"skipped":0,"pct":81.33},"functions":{"total":2,"covered":0,"skipped":0,"pct":0},"statements":{"total":75,"covered":61,"skipped":0,"pct":81.33},"branches":{"total":0,"covered":0,"skipped":0,"pct":100}}
,"/Users/conor/Sites/EndogenAI/shared/vector-store/typescript/src/models.ts": {"lines":{"total":165,"covered":165,"skipped":0,"pct":100},"functions":{"total":0,"covered":0,"skipped":0,"pct":100},"statements":{"total":165,"covered":165,"skipped":0,"pct":100},"branches":{"total":0,"covered":0,"skipped":0,"pct":100}}
,"/Users/conor/Sites/EndogenAI/shared/vector-store/typescript/src/adapters/chroma.ts": {"lines":{"total":403,"covered":327,"skipped":0,"pct":81.14},"functions":{"total":18,"covered":17,"skipped":0,"pct":94.44},"statements":{"total":403,"covered":327,"skipped":0,"pct":81.14},"branches":{"total":71,"covered":23,"skipped":0,"pct":32.39}}
}
