{"total": {"lines":{"total":678,"covered":550,"skipped":0,"pct":81.12},"statements":{"total":678,"covered":550,"skipped":0,"pct":81.12},"functions":{"total":31,"covered":24,"skipped":0,"pct":77.41},"branches":{"total":71,"covered":57,"skipped":0,"pct":80.28},"branchesTrue":{"total":0,"covered":0,"skipped":0,"pct":"Unknown"}}
,"/Users/conor/Sites/EndogenAI/infrastructure/mcp/src/broker.ts": {"lines":{"total":102,"covered":100,"skipped":0,"pct":98.03},"functions":{"total":7,"covered":6,"skipped":0,"pct":85.71},"statements":{"total":102,"covered":100,"skipped":0,"pct":98.03},"branches":{"total":17,"covered":15,"skipped":0,"pct":88.23}}
,"/Users/conor/Sites/EndogenAI/infrastructure/mcp/src/index.ts": {"lines":{"total":24,"covered":0,"skipped":0,"pct":0},"functions":{"total":1,"covered":0,"skipped":0,"pct":0},"statements":{"total":24,"covered":0,"skipped":0,"pct":0},"branches":{"total":1,"covered":0,"skipped":0,"pct":0}}
,"/Users/conor/Sites/EndogenAI/infrastructure/mcp/src/registry.ts": {"lines":{"total":51,"covered":51,"skipped":0,"pct":100},"functions":{"total":8,"covered":8,"skipped":0,"pct":100},"statements":{"total":51,"covered":51,"skipped":0,"pct":100},"branches":{"total":9,"covered":9,"skipped":0,"pct":100}}
,"/Users/conor/Sites/EndogenAI/infrastructure/mcp/src/run.ts": {"lines":{"total":40,"covered":0,"skipped":0,"pct":0},"functions":{"total":1,"covered":0,"skipped":0,"pct":0},"statements":{"total":40,"covered":0,"skipped":0,"pct":0},"branches":{"total":1,"covered":0,"skipped":0,"pct":0}}
,"/Users/conor/Sites/EndogenAI/infrastructure/mcp/src/server.ts": {"lines":{"total":301,"covered":247,"skipped":0,"pct":82.05},"functions":{"total":2,"covered":2,"skipped":0,"pct":100},"statements":{"total":301,"covered":247,"skipped":0,"pct":82.05},"branches":{"total":27,"covered":18,"skipped":0,"pct":66.66}}
,"/Users/conor/Sites/EndogenAI/infrastructure/mcp/src/sync.ts": {"lines":{"total":66,"covered":60,"skipped":0,"pct":90.9},"functions":{"total":8,"covered":5,"skipped":0,"pct":62.5},"statements":{"total":66,"covered":60,"skipped":0,"pct":90.9},"branches":{"total":7,"covered":6,"skipped":0,"pct":85.71}}
,"/Users/conor/Sites/EndogenAI/infrastructure/mcp/src/validate.ts": {"lines":{"total":34,"covered":32,"skipped":0,"pct":94.11},"functions":{"total":2,"covered":1,"skipped":0,"pct":50},"statements":{"total":34,"covered":32,"skipped":0,"pct":94.11},"branches":{"total":3,"covered":3,"skipped":0,"pct":100}}
,"/Users/conor/Sites/EndogenAI/infrastructure/mcp/src/well-known.ts": {"lines":{"total":60,"covered":60,"skipped":0,"pct":100},"functions":{"total":2,"covered":2,"skipped":0,"pct":100},"statements":{"total":60,"covered":60,"skipped":0,"pct":100},"branches":{"total":6,"covered":6,"skipped":0,"pct":100}}
}
